[2021-05-23 02:26:33] local.ERROR: syntax error, unexpected '}', expecting ';' {"exception":"[object] (Symfony\\Component\\Debug\\Exception\\FatalThrowableError(code: 0): syntax error, unexpected '}', expecting ';' at /var/www/html/laravel-vue-bath-app/app/Http/Controllers/User/LoginController.php:121)
[stacktrace]
#0 /var/www/html/laravel-vue-bath-app/vendor/composer/ClassLoader.php(346): Composer\\Autoload\\includeFile('/var/www/html/l...')
#1 [internal function]: Composer\\Autoload\\ClassLoader->loadClass('App\\\\Http\\\\Contro...')
#2 [internal function]: spl_autoload_call('App\\\\Http\\\\Contro...')
#3 /var/www/html/laravel-vue-bath-app/vendor/laravel/framework/src/Illuminate/Container/Container.php(803): ReflectionClass->__construct('App\\\\Http\\\\Contro...')
#4 /var/www/html/laravel-vue-bath-app/vendor/laravel/framework/src/Illuminate/Container/Container.php(681): Illuminate\\Container\\Container->build('App\\\\Http\\\\Contro...')
#5 /var/www/html/laravel-vue-bath-app/vendor/laravel/framework/src/Illuminate/Foundation/Application.php(785): Illuminate\\Container\\Container->resolve('App\\\\Http\\\\Contro...', Array, true)
#6 /var/www/html/laravel-vue-bath-app/vendor/laravel/framework/src/Illuminate/Container/Container.php(629): Illuminate\\Foundation\\Application->resolve('App\\\\Http\\\\Contro...', Array)
#7 /var/www/html/laravel-vue-bath-app/vendor/laravel/framework/src/Illuminate/Foundation/Application.php(770): Illuminate\\Container\\Container->make('App\\\\Http\\\\Contro...', Array)
#8 /var/www/html/laravel-vue-bath-app/vendor/laravel/framework/src/Illuminate/Routing/Route.php(233): Illuminate\\Foundation\\Application->make('App\\\\Http\\\\Contro...')
#9 /var/www/html/laravel-vue-bath-app/vendor/laravel/framework/src/Illuminate/Routing/Route.php(833): Illuminate\\Routing\\Route->getController()
#10 /var/www/html/laravel-vue-bath-app/vendor/laravel/framework/src/Illuminate/Routing/Route.php(794): Illuminate\\Routing\\Route->controllerMiddleware()
#11 /var/www/html/laravel-vue-bath-app/vendor/laravel/framework/src/Illuminate/Routing/Router.php(694): Illuminate\\Routing\\Route->gatherMiddleware()
#12 /var/www/html/laravel-vue-bath-app/vendor/laravel/framework/src/Illuminate/Routing/Router.php(674): Illuminate\\Routing\\Router->gatherRouteMiddleware(Object(Illuminate\\Routing\\Route))
#13 /var/www/html/laravel-vue-bath-app/vendor/laravel/framework/src/Illuminate/Routing/Router.php(658): Illuminate\\Routing\\Router->runRouteWithinStack(Object(Illuminate\\Routing\\Route), Object(Illuminate\\Http\\Request))
#14 /var/www/html/laravel-vue-bath-app/vendor/laravel/framework/src/Illuminate/Routing/Router.php(624): Illuminate\\Routing\\Router->runRoute(Object(Illuminate\\Http\\Request), Object(Illuminate\\Routing\\Route))
#15 /var/www/html/laravel-vue-bath-app/vendor/laravel/framework/src/Illuminate/Routing/Router.php(613): Illuminate\\Routing\\Router->dispatchToRoute(Object(Illuminate\\Http\\Request))
#16 /var/www/html/laravel-vue-bath-app/vendor/laravel/framework/src/Illuminate/Foundation/Http/Kernel.php(170): Illuminate\\Routing\\Router->dispatch(Object(Illuminate\\Http\\Request))
#17 /var/www/html/laravel-vue-bath-app/vendor/laravel/framework/src/Illuminate/Pipeline/Pipeline.php(130): Illuminate\\Foundation\\Http\\Kernel->Illuminate\\Foundation\\Http\\{closure}(Object(Illuminate\\Http\\Request))
#18 /var/www/html/laravel-vue-bath-app/vendor/laravel/framework/src/Illuminate/Foundation/Http/Middleware/TransformsRequest.php(21): Illuminate\\Pipeline\\Pipeline->Illuminate\\Pipeline\\{closure}(Object(Illuminate\\Http\\Request))
#19 /var/www/html/laravel-vue-bath-app/vendor/laravel/framework/src/Illuminate/Pipeline/Pipeline.php(171): Illuminate\\Foundation\\Http\\Middleware\\TransformsRequest->handle(Object(Illuminate\\Http\\Request), Object(Closure))
#20 /var/www/html/laravel-vue-bath-app/vendor/laravel/framework/src/Illuminate/Foundation/Http/Middleware/TransformsRequest.php(21): Illuminate\\Pipeline\\Pipeline->Illuminate\\Pipeline\\{closure}(Object(Illuminate\\Http\\Request))
#21 /var/www/html/laravel-vue-bath-app/vendor/laravel/framework/src/Illuminate/Pipeline/Pipeline.php(171): Illuminate\\Foundation\\Http\\Middleware\\TransformsRequest->handle(Object(Illuminate\\Http\\Request), Object(Closure))
#22 /var/www/html/laravel-vue-bath-app/vendor/laravel/framework/src/Illuminate/Foundation/Http/Middleware/ValidatePostSize.php(27): Illuminate\\Pipeline\\Pipeline->Illuminate\\Pipeline\\{closure}(Object(Illuminate\\Http\\Request))
#23 /var/www/html/laravel-vue-bath-app/vendor/laravel/framework/src/Illuminate/Pipeline/Pipeline.php(171): Illuminate\\Foundation\\Http\\Middleware\\ValidatePostSize->handle(Object(Illuminate\\Http\\Request), Object(Closure))
#24 /var/www/html/laravel-vue-bath-app/vendor/laravel/framework/src/Illuminate/Foundation/Http/Middleware/CheckForMaintenanceMode.php(63): Illuminate\\Pipeline\\Pipeline->Illuminate\\Pipeline\\{closure}(Object(Illuminate\\Http\\Request))
#25 /var/www/html/laravel-vue-bath-app/vendor/laravel/framework/src/Illuminate/Pipeline/Pipeline.php(171): Illuminate\\Foundation\\Http\\Middleware\\CheckForMaintenanceMode->handle(Object(Illuminate\\Http\\Request), Object(Closure))
#26 /var/www/html/laravel-vue-bath-app/vendor/fideloper/proxy/src/TrustProxies.php(57): Illuminate\\Pipeline\\Pipeline->Illuminate\\Pipeline\\{closure}(Object(Illuminate\\Http\\Request))
#27 /var/www/html/laravel-vue-bath-app/vendor/laravel/framework/src/Illuminate/Pipeline/Pipeline.php(171): Fideloper\\Proxy\\TrustProxies->handle(Object(Illuminate\\Http\\Request), Object(Closure))
#28 /var/www/html/laravel-vue-bath-app/vendor/laravel/framework/src/Illuminate/Pipeline/Pipeline.php(105): Illuminate\\Pipeline\\Pipeline->Illuminate\\Pipeline\\{closure}(Object(Illuminate\\Http\\Request))
#29 /var/www/html/laravel-vue-bath-app/vendor/laravel/framework/src/Illuminate/Foundation/Http/Kernel.php(145): Illuminate\\Pipeline\\Pipeline->then(Object(Closure))
#30 /var/www/html/laravel-vue-bath-app/vendor/laravel/framework/src/Illuminate/Foundation/Http/Kernel.php(110): Illuminate\\Foundation\\Http\\Kernel->sendRequestThroughRouter(Object(Illuminate\\Http\\Request))
#31 /var/www/html/laravel-vue-bath-app/public/index.php(55): Illuminate\\Foundation\\Http\\Kernel->handle(Object(Illuminate\\Http\\Request))
#32 {main}
"} 
[2021-05-23 02:27:10] local.DEBUG: ===================================================================================================  
[2021-05-23 02:27:10] local.DEBUG: 　　　　　　　　　　　　　　　　　　　　　　　　　　　ここから　　 　　　　　　　　　　　　　　　　　　　　　　　　　　  
[2021-05-23 02:27:10] local.DEBUG: ===================================================================================================  
[2021-05-23 02:27:10] local.DEBUG: Laravel\Socialite\Two\User Object
(
    [token] => ya29.a0AfH6SMAK4-qoQiXPR33Qr9KERm7cZOkX9nGWu8pt60fDeurXeQ1F1d1bkIlItoBdskO7O4_J_fU6NC2Tq2yRmHeHZH2Pxvw7gPIsqZZaIF6fisXRpKrp-ZFNzabqgzmPCHhzxU3S0XHgSktnanJ35IOrrp11
    [refreshToken] => 
    [expiresIn] => 3599
    [id] => 108313384462498660229
    [nickname] => 
    [name] => 馬場翔矢
    [email] => epifa_kikka@icloud.com
    [avatar] => https://lh3.googleusercontent.com/a/AATXAJyvww9cTviwE8btOkApea3wqihyAdDLx_sfdXuh=s96-c
    [user] => Array
        (
            [sub] => 108313384462498660229
            [name] => 馬場翔矢
            [given_name] => 翔矢
            [family_name] => 馬場
            [picture] => https://lh3.googleusercontent.com/a/AATXAJyvww9cTviwE8btOkApea3wqihyAdDLx_sfdXuh=s96-c
            [email] => epifa_kikka@icloud.com
            [email_verified] => 1
            [locale] => ja
            [id] => 108313384462498660229
            [verified_email] => 1
            [link] => 
        )

    [avatar_original] => https://lh3.googleusercontent.com/a/AATXAJyvww9cTviwE8btOkApea3wqihyAdDLx_sfdXuh=s96-c
)
  
[2021-05-23 02:28:02] local.DEBUG: ===================================================================================================  
[2021-05-23 02:28:02] local.DEBUG: 　　　　　　　　　　　　　　　　　　　　　　　　　　　ここから　　 　　　　　　　　　　　　　　　　　　　　　　　　　　  
[2021-05-23 02:28:02] local.DEBUG: ===================================================================================================  
[2021-05-23 02:28:02] local.DEBUG: Laravel\Socialite\Two\User Object
(
    [token] => ya29.a0AfH6SMAz8b5cuny_M1Hdh_iDdyDSCnoNUjRETHlzo6bsF0YhEO7hVlNQ9JVoBg7LEy1kW22c97wmRy52M03sW70JYwWXn-Lw4x2Zuj8XnfXYRu5mJJTXtgGzHCnTn41wB06EfD5d1VRiqGJxUvDnR1dDl0QV
    [refreshToken] => 
    [expiresIn] => 3599
    [id] => 108313384462498660229
    [nickname] => 
    [name] => 馬場翔矢
    [email] => epifa_kikka@icloud.com
    [avatar] => https://lh3.googleusercontent.com/a/AATXAJyvww9cTviwE8btOkApea3wqihyAdDLx_sfdXuh=s96-c
    [user] => Array
        (
            [sub] => 108313384462498660229
            [name] => 馬場翔矢
            [given_name] => 翔矢
            [family_name] => 馬場
            [picture] => https://lh3.googleusercontent.com/a/AATXAJyvww9cTviwE8btOkApea3wqihyAdDLx_sfdXuh=s96-c
            [email] => epifa_kikka@icloud.com
            [email_verified] => 1
            [locale] => ja
            [id] => 108313384462498660229
            [verified_email] => 1
            [link] => 
        )

    [avatar_original] => https://lh3.googleusercontent.com/a/AATXAJyvww9cTviwE8btOkApea3wqihyAdDLx_sfdXuh=s96-c
)
  
