[2021-05-23 02:12:20] local.ERROR: There are no commands defined in the "chache" namespace.

Did you mean this?
    cache {"exception":"[object] (Symfony\\Component\\Console\\Exception\\NamespaceNotFoundException(code: 0): There are no commands defined in the \"chache\" namespace.

Did you mean this?
    cache at /Users/mac/Desktop/application/my-app/bath-application/laravel-vue-bath-app/vendor/symfony/console/Application.php:604)
[stacktrace]
#0 /Users/mac/Desktop/application/my-app/bath-application/laravel-vue-bath-app/vendor/symfony/console/Application.php(657): Symfony\\Component\\Console\\Application->findNamespace('chache')
#1 /Users/mac/Desktop/application/my-app/bath-application/laravel-vue-bath-app/vendor/symfony/console/Application.php(237): Symfony\\Component\\Console\\Application->find('chache:clear')
#2 /Users/mac/Desktop/application/my-app/bath-application/laravel-vue-bath-app/vendor/symfony/console/Application.php(149): Symfony\\Component\\Console\\Application->doRun(Object(Symfony\\Component\\Console\\Input\\ArgvInput), Object(Symfony\\Component\\Console\\Output\\ConsoleOutput))
#3 /Users/mac/Desktop/application/my-app/bath-application/laravel-vue-bath-app/vendor/laravel/framework/src/Illuminate/Console/Application.php(93): Symfony\\Component\\Console\\Application->run(Object(Symfony\\Component\\Console\\Input\\ArgvInput), Object(Symfony\\Component\\Console\\Output\\ConsoleOutput))
#4 /Users/mac/Desktop/application/my-app/bath-application/laravel-vue-bath-app/vendor/laravel/framework/src/Illuminate/Foundation/Console/Kernel.php(131): Illuminate\\Console\\Application->run(Object(Symfony\\Component\\Console\\Input\\ArgvInput), Object(Symfony\\Component\\Console\\Output\\ConsoleOutput))
#5 /Users/mac/Desktop/application/my-app/bath-application/laravel-vue-bath-app/artisan(37): Illuminate\\Foundation\\Console\\Kernel->handle(Object(Symfony\\Component\\Console\\Input\\ArgvInput), Object(Symfony\\Component\\Console\\Output\\ConsoleOutput))
#6 {main}
"} 
[2021-05-23 02:12:26] local.ERROR: There are no commands defined in the "chche" namespace.

Did you mean this?
    cache {"exception":"[object] (Symfony\\Component\\Console\\Exception\\NamespaceNotFoundException(code: 0): There are no commands defined in the \"chche\" namespace.

Did you mean this?
    cache at /Users/mac/Desktop/application/my-app/bath-application/laravel-vue-bath-app/vendor/symfony/console/Application.php:604)
[stacktrace]
#0 /Users/mac/Desktop/application/my-app/bath-application/laravel-vue-bath-app/vendor/symfony/console/Application.php(657): Symfony\\Component\\Console\\Application->findNamespace('chche')
#1 /Users/mac/Desktop/application/my-app/bath-application/laravel-vue-bath-app/vendor/symfony/console/Application.php(237): Symfony\\Component\\Console\\Application->find('chche:clear')
#2 /Users/mac/Desktop/application/my-app/bath-application/laravel-vue-bath-app/vendor/symfony/console/Application.php(149): Symfony\\Component\\Console\\Application->doRun(Object(Symfony\\Component\\Console\\Input\\ArgvInput), Object(Symfony\\Component\\Console\\Output\\ConsoleOutput))
#3 /Users/mac/Desktop/application/my-app/bath-application/laravel-vue-bath-app/vendor/laravel/framework/src/Illuminate/Console/Application.php(93): Symfony\\Component\\Console\\Application->run(Object(Symfony\\Component\\Console\\Input\\ArgvInput), Object(Symfony\\Component\\Console\\Output\\ConsoleOutput))
#4 /Users/mac/Desktop/application/my-app/bath-application/laravel-vue-bath-app/vendor/laravel/framework/src/Illuminate/Foundation/Console/Kernel.php(131): Illuminate\\Console\\Application->run(Object(Symfony\\Component\\Console\\Input\\ArgvInput), Object(Symfony\\Component\\Console\\Output\\ConsoleOutput))
#5 /Users/mac/Desktop/application/my-app/bath-application/laravel-vue-bath-app/artisan(37): Illuminate\\Foundation\\Console\\Kernel->handle(Object(Symfony\\Component\\Console\\Input\\ArgvInput), Object(Symfony\\Component\\Console\\Output\\ConsoleOutput))
#6 {main}
"} 
[2021-05-23 02:32:28] local.DEBUG: ===================================================================================================  
[2021-05-23 02:32:28] local.DEBUG: 　　　　　　　　　　　　　　　　　　　　　　　　　　　ここから　　 　　　　　　　　　　　　　　　　　　　　　　　　　　  
[2021-05-23 02:32:28] local.DEBUG: ===================================================================================================  
[2021-05-23 02:32:28] local.DEBUG: Laravel\Socialite\Two\User Object
(
    [token] => ya29.a0AfH6SMBuUVQPbTww9eLToYodVj4cMD24yMBxDrqLqqkTrac-c17Hz8UAXIT7NC563IeexhudrKvXFr7J3aaruFUz7FD5I0fE7nyoY7Wl6yzFLOopN_pIGTi_1kTJiqK2DhWNf922vsEYfuh-VB5kOdqw0jma
    [refreshToken] => 
    [expiresIn] => 3599
    [id] => 108313384462498660229
    [nickname] => 
    [name] => 馬場翔矢
    [email] => epifa_kikka@icloud.com
    [avatar] => https://lh3.googleusercontent.com/a/AATXAJyvww9cTviwE8btOkApea3wqihyAdDLx_sfdXuh=s96-c
    [user] => Array
        (
            [sub] => 108313384462498660229
            [name] => 馬場翔矢
            [given_name] => 翔矢
            [family_name] => 馬場
            [picture] => https://lh3.googleusercontent.com/a/AATXAJyvww9cTviwE8btOkApea3wqihyAdDLx_sfdXuh=s96-c
            [email] => epifa_kikka@icloud.com
            [email_verified] => 1
            [locale] => ja
            [id] => 108313384462498660229
            [verified_email] => 1
            [link] => 
        )

    [avatar_original] => https://lh3.googleusercontent.com/a/AATXAJyvww9cTviwE8btOkApea3wqihyAdDLx_sfdXuh=s96-c
)
  
